<?xml version="1.0" encoding="UTF-8"?>
<!-- Generated by org.testng.reporters.JUnitReportReporter -->
<testsuite hostname="LAPTOP-M6CO25LA" failures="0" tests="3" name="testng.Dependson" time="4.153" errors="0" timestamp="2025-05-28T07:53:22 IST" skipped="0">
  <testcase classname="testng.Dependson" name="test" time="0.140">
    <system-out>
      <![CDATA[test]]>
    </system-out>
  </testcase> <!-- test -->
  <testcase classname="testng.Dependson" name="students" time="1.858">
    <system-out>
      <![CDATA[students]]>
    </system-out>
  </testcase> <!-- students -->
  <testcase classname="testng.Dependson" name="advanceSelenium" time="2.155">
    <system-out>
      <![CDATA[advanceSelenium]]>
    </system-out>
  </testcase> <!-- advanceSelenium -->
  <system-out>
    <![CDATA[students
advanceSelenium
test]]>
  </system-out>
</testsuite> <!-- testng.Dependson -->
