<?xml version="1.0" encoding="UTF-8"?>
<!-- Generated by org.testng.reporters.JUnitReportReporter -->
<testsuite hostname="LAPTOP-M6CO25LA" failures="0" tests="1" name="testng.ConfigAnnotations" time="0.017" errors="0" timestamp="2025-05-29T08:51:40 IST" skipped="0">
  <testcase classname="testng.ConfigAnnotations" name="test" time="0.017"/>
</testsuite> <!-- testng.ConfigAnnotations -->
