<?xml version="1.0" encoding="UTF-8"?>
<!-- Generated by org.testng.reporters.JUnitReportReporter -->
<testsuite hostname="LAPTOP-M6CO25LA" failures="0" tests="1" name="testng.TakeScreenshot" time="4.758" errors="0" timestamp="2025-06-06T08:45:53 IST" skipped="0">
  <testcase classname="testng.TakeScreenshot" name="takeSS" time="4.758"/>
</testsuite> <!-- testng.TakeScreenshot -->
