<?xml version="1.0" encoding="UTF-8"?>
<!-- Generated by org.testng.reporters.JUnitReportReporter -->
<testsuite hostname="LAPTOP-M6CO25LA" failures="0" tests="8" name="testng.Demo" time="17.344" errors="0" timestamp="2025-05-28T07:12:56 IST" skipped="0">
  <testcase classname="testng.Demo" name="students" time="2.082"/>
  <testcase classname="testng.Demo" name="students" time="5.493"/>
  <testcase classname="testng.Demo" name="students" time="2.125"/>
  <testcase classname="testng.Demo" name="students" time="5.493"/>
  <testcase classname="testng.Demo" name="students" time="2.138"/>
  <testcase classname="testng.Demo" name="coolTeacher" time="0.004">
    <system-out>
      <![CDATA[coolTeacher]]>
    </system-out>
  </testcase> <!-- coolTeacher -->
  <testcase classname="testng.Demo" name="Blessy" time="0.007">
    <system-out>
      <![CDATA[Blessy]]>
    </system-out>
  </testcase> <!-- Blessy -->
  <testcase classname="testng.Demo" name="karthik" time="0.002">
    <system-out>
      <![CDATA[karthik]]>
    </system-out>
  </testcase> <!-- karthik -->
  <system-out>
    <![CDATA[coolTeacher
Blessy
karthik]]>
  </system-out>
</testsuite> <!-- testng.Demo -->
