<?xml version="1.0" encoding="UTF-8"?>
<!-- Generated by org.testng.reporters.JUnitReportReporter -->
<testsuite hostname="LAPTOP-M6CO25LA" failures="0" tests="4" name="testng.DataProvider" time="0.038" errors="0" timestamp="2025-05-29T07:55:06 IST" skipped="0">
  <testcase classname="testng.DataProvider" name="login" time="0.010"/>
  <testcase classname="testng.DataProvider" name="login" time="0.006"/>
  <testcase classname="testng.DataProvider" name="login" time="0.006"/>
  <testcase classname="testng.DataProvider" name="login" time="0.016"/>
</testsuite> <!-- testng.DataProvider -->
